<testsuites id="" name="" tests="6" failures="0" skipped="0" errors="0" time="22.518065">
<testsuite name="ui\login.spec.ts" timestamp="2026-06-06T18:07:53.296Z" hostname="chromium" tests="2" failures="0" skipped="0" time="10.451" errors="0">
<testcase name="Login Page › should login with valid credentials" classname="ui\login.spec.ts" time="8.595">
</testcase>
<testcase name="Login Page › should show error with invalid credentials" classname="ui\login.spec.ts" time="1.856">
</testcase>
</testsuite>
<testsuite name="ui\login.spec.ts" timestamp="2026-06-06T18:07:53.296Z" hostname="firefox" tests="2" failures="0" skipped="0" time="13.306" errors="0">
<testcase name="Login Page › should login with valid credentials" classname="ui\login.spec.ts" time="11.226">
</testcase>
<testcase name="Login Page › should show error with invalid credentials" classname="ui\login.spec.ts" time="2.08">
</testcase>
</testsuite>
<testsuite name="ui\login.spec.ts" timestamp="2026-06-06T18:07:53.296Z" hostname="mobile-chrome" tests="2" failures="0" skipped="0" time="18.264" errors="0">
<testcase name="Login Page › should login with valid credentials" classname="ui\login.spec.ts" time="16.412">
</testcase>
<testcase name="Login Page › should show error with invalid credentials" classname="ui\login.spec.ts" time="1.852">
</testcase>
</testsuite>
</testsuites>